demo/PicoSDKDemo/build/outputs/logs/manifest-merger-debug-report.txt
-- Merging decision tree log ---
manifest
ADDED from src\main\AndroidManifest.xml:2:1-91:12
	package
		ADDED from src\main\AndroidManifest.xml:2:70-103
		INJECTED from src\main\AndroidManifest.xml
		INJECTED from src\main\AndroidManifest.xml
	android:versionName
		ADDED from src\main\AndroidManifest.xml:2:104-129
		INJECTED from src\main\AndroidManifest.xml
		INJECTED from src\main\AndroidManifest.xml
	android:versionCode
		ADDED from src\main\AndroidManifest.xml:2:130-153
		INJECTED from src\main\AndroidManifest.xml
		INJECTED from src\main\AndroidManifest.xml
	xmlns:android
		ADDED from src\main\AndroidManifest.xml:2:11-69
	android:installLocation
		ADDED from src\main\AndroidManifest.xml:2:154-194
uses-permission#android.permission.RECEIVE_BOOT_COMPLETED
ADDED from src\main\AndroidManifest.xml:4:3-79
	android:name
		ADDED from src\main\AndroidManifest.xml:4:20-76
uses-permission#android.permission.INTERNET
ADDED from src\main\AndroidManifest.xml:5:3-65
	android:name
		ADDED from src\main\AndroidManifest.xml:5:20-62
uses-permission#android.permission.ACCESS_NETWORK_STATE
ADDED from src\main\AndroidManifest.xml:6:3-77
	android:name
		ADDED from src\main\AndroidManifest.xml:6:20-74
uses-permission#android.permission.VIBRATE
ADDED from src\main\AndroidManifest.xml:8:3-64
	android:name
		ADDED from src\main\AndroidManifest.xml:8:20-61
uses-permission#android.permission.READ_PHONE_STATE
ADDED from src\main\AndroidManifest.xml:10:3-73
	android:name
		ADDED from src\main\AndroidManifest.xml:10:20-70
uses-permission#android.permission.SYSTEM_ALERT_WINDOW
ADDED from src\main\AndroidManifest.xml:12:3-76
	android:name
		ADDED from src\main\AndroidManifest.xml:12:20-73
uses-permission#android.permission.READ_EXTERNAL_STORAGE
ADDED from src\main\AndroidManifest.xml:14:3-78
	android:name
		ADDED from src\main\AndroidManifest.xml:14:20-75
uses-permission#android.permission.WRITE_EXTERNAL_STORAGE
ADDED from src\main\AndroidManifest.xml:15:3-79
	android:name
		ADDED from src\main\AndroidManifest.xml:15:20-76
uses-permission#android.permission.WRITE_MEDIA_STORAGE
ADDED from src\main\AndroidManifest.xml:16:3-76
	android:name
		ADDED from src\main\AndroidManifest.xml:16:20-73
uses-permission#android.permission.WRITE_SETTINGS
ADDED from src\main\AndroidManifest.xml:18:3-71
	android:name
		ADDED from src\main\AndroidManifest.xml:18:20-68
uses-permission#android.permission.WRITE_SECURE_SETTINGS
ADDED from src\main\AndroidManifest.xml:20:3-78
	android:name
		ADDED from src\main\AndroidManifest.xml:20:20-75
uses-permission#android.permission.CHANGE_CONFIGURATION
ADDED from src\main\AndroidManifest.xml:22:3-77
	android:name
		ADDED from src\main\AndroidManifest.xml:22:20-74
supports-screens
ADDED from src\main\AndroidManifest.xml:23:3-163
	android:largeScreens
		ADDED from src\main\AndroidManifest.xml:23:78-105
	android:smallScreens
		ADDED from src\main\AndroidManifest.xml:23:21-48
	android:normalScreens
		ADDED from src\main\AndroidManifest.xml:23:49-77
	android:xlargeScreens
		ADDED from src\main\AndroidManifest.xml:23:106-134
	android:anyDensity
		ADDED from src\main\AndroidManifest.xml:23:135-160
uses-sdk
ADDED from src\main\AndroidManifest.xml:24:3-72
	android:targetSdkVersion
		ADDED from src\main\AndroidManifest.xml:24:40-69
		INJECTED from src\main\AndroidManifest.xml
		INJECTED from src\main\AndroidManifest.xml
	android:minSdkVersion
		ADDED from src\main\AndroidManifest.xml:24:13-39
application
ADDED from src\main\AndroidManifest.xml:25:3-86:17
	android:label
		ADDED from src\main\AndroidManifest.xml:25:50-82
	android:supportsRtl
		ADDED from src\main\AndroidManifest.xml:25:175-201
	android:allowBackup
		ADDED from src\main\AndroidManifest.xml:25:148-174
	android:icon
		ADDED from src\main\AndroidManifest.xml:25:16-49
	android:banner
		ADDED from src\main\AndroidManifest.xml:25:224-261
	android:theme
		ADDED from src\main\AndroidManifest.xml:25:83-147
	android:isGame
		ADDED from src\main\AndroidManifest.xml:25:202-223
meta-data#pvr.app.type
ADDED from src\main\AndroidManifest.xml:26:5-65
	android:value
		ADDED from src\main\AndroidManifest.xml:26:44-62
	android:name
		ADDED from src\main\AndroidManifest.xml:26:16-43
meta-data#pvr.display.orientation
ADDED from src\main\AndroidManifest.xml:27:5-77
	android:value
		ADDED from src\main\AndroidManifest.xml:27:55-74
	android:name
		ADDED from src\main\AndroidManifest.xml:27:16-54
meta-data#com.softwinner.vr.mode
ADDED from src\main\AndroidManifest.xml:29:5-75
	android:value
		ADDED from src\main\AndroidManifest.xml:29:54-72
	android:name
		ADDED from src\main\AndroidManifest.xml:29:16-53
activity#com.unity3d.player.UnityPlayerNativeActivityPico
ADDED from src\main\AndroidManifest.xml:30:5-38:16
	android:screenOrientation
		ADDED from src\main\AndroidManifest.xml:30:112-149
	android:label
		ADDED from src\main\AndroidManifest.xml:30:79-111
	android:launchMode
		ADDED from src\main\AndroidManifest.xml:30:150-181
	android:configChanges
		ADDED from src\main\AndroidManifest.xml:30:182-355
	android:name
		ADDED from src\main\AndroidManifest.xml:30:15-78
intent-filter#android.intent.action.MAIN+android.intent.category.LAUNCHER+android.intent.category.LEANBACK_LAUNCHER
ADDED from src\main\AndroidManifest.xml:31:7-35:23
action#android.intent.action.MAIN
ADDED from src\main\AndroidManifest.xml:32:9-61
	android:name
		ADDED from src\main\AndroidManifest.xml:32:17-58
category#android.intent.category.LAUNCHER
ADDED from src\main\AndroidManifest.xml:33:9-69
	android:name
		ADDED from src\main\AndroidManifest.xml:33:19-66
category#android.intent.category.LEANBACK_LAUNCHER
ADDED from src\main\AndroidManifest.xml:34:9-78
	android:name
		ADDED from src\main\AndroidManifest.xml:34:19-75
meta-data#unityplayer.UnityActivity
ADDED from src\main\AndroidManifest.xml:36:7-82
	android:value
		ADDED from src\main\AndroidManifest.xml:36:59-79
	android:name
		ADDED from src\main\AndroidManifest.xml:36:18-58
meta-data#unityplayer.ForwardNativeEventsToDalvik
ADDED from src\main\AndroidManifest.xml:37:7-97
	android:value
		ADDED from src\main\AndroidManifest.xml:37:73-94
	android:name
		ADDED from src\main\AndroidManifest.xml:37:18-72
activity#com.pico.loginpaysdk.UnityAuthInterface
ADDED from src\main\AndroidManifest.xml:39:5-40:16
	android:screenOrientation
		ADDED from src\main\AndroidManifest.xml:39:70-107
	android:configChanges
		ADDED from src\main\AndroidManifest.xml:39:108-178
	android:name
		ADDED from src\main\AndroidManifest.xml:39:15-69
activity#com.pico.loginpaysdk.component.PicoSDKBrowser
ADDED from src\main\AndroidManifest.xml:41:5-42:16
	android:exported
		ADDED from src\main\AndroidManifest.xml:41:170-194
	android:windowSoftInputMode
		ADDED from src\main\AndroidManifest.xml:41:127-169
	android:configChanges
		ADDED from src\main\AndroidManifest.xml:41:76-126
	android:name
		ADDED from src\main\AndroidManifest.xml:41:15-75
service#com.picovr.picovrlib.PeriodicService
ADDED from src\main\AndroidManifest.xml:43:5-44:15
	android:name
		ADDED from src\main\AndroidManifest.xml:43:14-65
service#com.psmart.link.spp.LarkConnectService
ADDED from src\main\AndroidManifest.xml:45:5-70
	android:name
		ADDED from src\main\AndroidManifest.xml:45:14-67
service#com.psmart.link.ble.BluetoothLeService
ADDED from src\main\AndroidManifest.xml:46:5-70
	android:name
		ADDED from src\main\AndroidManifest.xml:46:14-67
service#com.picovr.hummingbirdsvc.AutoConnectService
ADDED from src\main\AndroidManifest.xml:47:5-51:15
	android:name
		ADDED from src\main\AndroidManifest.xml:47:14-73
intent-filter#com.picovr.hummingbirdsvc.AutoConnectService
ADDED from src\main\AndroidManifest.xml:48:7-50:23
action#com.picovr.hummingbirdsvc.AutoConnectService
ADDED from src\main\AndroidManifest.xml:49:9-79
	android:name
		ADDED from src\main\AndroidManifest.xml:49:17-76
service#com.picovr.picovrlib.hummingbird.HummingBirdControllerService
ADDED from src\main\AndroidManifest.xml:52:5-56:15
	android:process
		ADDED from src\main\AndroidManifest.xml:52:91-116
	android:name
		ADDED from src\main\AndroidManifest.xml:52:14-90
intent-filter#com.picovr.picovrlib.humingbird.HumingBirdAIDLService
ADDED from src\main\AndroidManifest.xml:53:7-55:23
action#com.picovr.picovrlib.humingbird.HumingBirdAIDLService
ADDED from src\main\AndroidManifest.xml:54:9-88
	android:name
		ADDED from src\main\AndroidManifest.xml:54:17-85
service#com.aw.vrsdk.VrListener
ADDED from src\main\AndroidManifest.xml:58:5-62:15
	android:permission
		ADDED from src\main\AndroidManifest.xml:58:53-117
	android:name
		ADDED from src\main\AndroidManifest.xml:58:14-52
intent-filter#android.service.vr.VrListenerService
ADDED from src\main\AndroidManifest.xml:59:7-61:23
action#android.service.vr.VrListenerService
ADDED from src\main\AndroidManifest.xml:60:9-71
	android:name
		ADDED from src\main\AndroidManifest.xml:60:17-68
receiver#com.liimiou.picksdkdemo.BootReceiver
ADDED from src\main\AndroidManifest.xml:64:5-68:16
	android:name
		ADDED from src\main\AndroidManifest.xml:64:15-66
intent-filter#android.intent.action.BOOT_COMPLETED
ADDED from src\main\AndroidManifest.xml:65:7-67:23
	android:priority
		ADDED from src\main\AndroidManifest.xml:65:22-45
action#android.intent.action.BOOT_COMPLETED
ADDED from src\main\AndroidManifest.xml:66:9-71
	android:name
		ADDED from src\main\AndroidManifest.xml:66:17-68
meta-data#pico_merchant_id
ADDED from src\main\AndroidManifest.xml:70:5-69
	android:value
		ADDED from src\main\AndroidManifest.xml:70:48-66
	android:name
		ADDED from src\main\AndroidManifest.xml:70:16-47
meta-data#pico_app_id
ADDED from src\main\AndroidManifest.xml:71:5-94
	android:value
		ADDED from src\main\AndroidManifest.xml:71:43-91
	android:name
		ADDED from src\main\AndroidManifest.xml:71:16-42
meta-data#pico_app_key
ADDED from src\main\AndroidManifest.xml:72:5-95
	android:value
		ADDED from src\main\AndroidManifest.xml:72:44-92
	android:name
		ADDED from src\main\AndroidManifest.xml:72:16-43
meta-data#pico_pay_key
ADDED from src\main\AndroidManifest.xml:73:5-95
	android:value
		ADDED from src\main\AndroidManifest.xml:73:44-92
	android:name
		ADDED from src\main\AndroidManifest.xml:73:16-43
meta-data#pico_redirectUrl
ADDED from src\main\AndroidManifest.xml:74:5-88
	android:value
		ADDED from src\main\AndroidManifest.xml:74:48-85
	android:name
		ADDED from src\main\AndroidManifest.xml:74:16-47
meta-data#pico_scope
ADDED from src\main\AndroidManifest.xml:76:5-74
	android:value
		ADDED from src\main\AndroidManifest.xml:76:42-71
	android:name
		ADDED from src\main\AndroidManifest.xml:76:16-41
meta-data#com.pvr.instructionset
ADDED from src\main\AndroidManifest.xml:77:5-75
	android:value
		ADDED from src\main\AndroidManifest.xml:77:54-72
	android:name
		ADDED from src\main\AndroidManifest.xml:77:16-53
meta-data#platform_logo
ADDED from src\main\AndroidManifest.xml:79:5-65
	android:value
		ADDED from src\main\AndroidManifest.xml:79:45-62
	android:name
		ADDED from src\main\AndroidManifest.xml:79:16-44
meta-data#platform_high
ADDED from src\main\AndroidManifest.xml:80:5-65
	android:value
		ADDED from src\main\AndroidManifest.xml:80:45-62
	android:name
		ADDED from src\main\AndroidManifest.xml:80:16-44
meta-data#platform_sbf
ADDED from src\main\AndroidManifest.xml:81:5-65
	android:value
		ADDED from src\main\AndroidManifest.xml:81:44-62
	android:name
		ADDED from src\main\AndroidManifest.xml:81:16-43
meta-data#MSAA
ADDED from src\main\AndroidManifest.xml:83:5-56
	android:value
		ADDED from src\main\AndroidManifest.xml:83:36-53
	android:name
		ADDED from src\main\AndroidManifest.xml:83:16-35
meta-data#com.pvr.hmd.trackingmode
ADDED from src\main\AndroidManifest.xml:84:5-79
	android:value
		ADDED from src\main\AndroidManifest.xml:84:56-76
	android:name
		ADDED from src\main\AndroidManifest.xml:84:16-55
meta-data#isPUI
ADDED from src\main\AndroidManifest.xml:85:5-57
	android:value
		ADDED from src\main\AndroidManifest.xml:85:37-54
	android:name
		ADDED from src\main\AndroidManifest.xml:85:16-36
uses-feature#0x00020000
ADDED from src\main\AndroidManifest.xml:87:3-52
	android:glEsVersion
		ADDED from src\main\AndroidManifest.xml:87:17-49
uses-feature#android.hardware.touchscreen
ADDED from src\main\AndroidManifest.xml:88:3-88
	android:required
		ADDED from src\main\AndroidManifest.xml:88:61-85
	android:name
		ADDED from src\main\AndroidManifest.xml:88:17-60
uses-feature#android.hardware.touchscreen.multitouch
ADDED from src\main\AndroidManifest.xml:89:3-99
	android:required
		ADDED from src\main\AndroidManifest.xml:89:72-96
	android:name
		ADDED from src\main\AndroidManifest.xml:89:17-71
uses-feature#android.hardware.touchscreen.multitouch.distinct
ADDED from src\main\AndroidManifest.xml:90:3-108
	android:required
		ADDED from src\main\AndroidManifest.xml:90:81-105
	android:name
		ADDED from src\main\AndroidManifest.xml:90:17-80